<?xml version="1.0" encoding="UTF-8"?>
<testsuite name="com.example.scalsandroid.scals.components.ComponentResolverRegistryTest" tests="2" skipped="0" failures="0" errors="0" timestamp="2026-02-08T23:40:22.796Z" hostname="michael.choe-6708" time="0.009">
  <properties/>
  <testcase name="testUnknownKindThrows" classname="com.example.scalsandroid.scals.components.ComponentResolverRegistryTest" time="0.006"/>
  <testcase name="testRegisterAndResolve" classname="com.example.scalsandroid.scals.components.ComponentResolverRegistryTest" time="0.003"/>
  <system-out><![CDATA[]]></system-out>
  <system-err><![CDATA[]]></system-err>
</testsuite>
