<?xml version="1.0" encoding="UTF-8"?>
<testsuite name="com.example.scalsandroid.scals.components.ContentResolverTest" tests="3" skipped="0" failures="0" errors="0" timestamp="2026-02-08T23:40:22.806Z" hostname="michael.choe-6708" time="0.012">
  <properties/>
  <testcase name="testStaticText" classname="com.example.scalsandroid.scals.components.ContentResolverTest" time="0.0"/>
  <testcase name="testBindingResolution" classname="com.example.scalsandroid.scals.components.ContentResolverTest" time="0.003"/>
  <testcase name="testTemplateInterpolation" classname="com.example.scalsandroid.scals.components.ContentResolverTest" time="0.009"/>
  <system-out><![CDATA[]]></system-out>
  <system-err><![CDATA[]]></system-err>
</testsuite>
