<?xml version="1.0" encoding="UTF-8"?>
<testsuite name="com.example.scalsandroid.scals.components.CoreManifestTest" tests="2" skipped="0" failures="0" errors="0" timestamp="2026-02-08T23:40:22.819Z" hostname="michael.choe-6708" time="0.005">
  <properties/>
  <testcase name="testCreateRegistries" classname="com.example.scalsandroid.scals.components.CoreManifestTest" time="0.003"/>
  <testcase name="testCreateResolver" classname="com.example.scalsandroid.scals.components.CoreManifestTest" time="0.001"/>
  <system-out><![CDATA[]]></system-out>
  <system-err><![CDATA[]]></system-err>
</testsuite>
