<?xml version="1.0" encoding="UTF-8"?>
<testsuite name="com.example.scalsandroid.scals.document.EdgeInsetSerializerTest" tests="4" skipped="0" failures="0" errors="0" timestamp="2026-02-08T22:34:31.048Z" hostname="michael.choe-6708" time="0.0">
  <properties/>
  <testcase name="decode object with positioning" classname="com.example.scalsandroid.scals.document.EdgeInsetSerializerTest" time="0.0"/>
  <testcase name="decode number as safeArea" classname="com.example.scalsandroid.scals.document.EdgeInsetSerializerTest" time="0.0"/>
  <testcase name="round trip absolute" classname="com.example.scalsandroid.scals.document.EdgeInsetSerializerTest" time="0.0"/>
  <testcase name="round trip safeArea" classname="com.example.scalsandroid.scals.document.EdgeInsetSerializerTest" time="0.0"/>
  <system-out><![CDATA[]]></system-out>
  <system-err><![CDATA[]]></system-err>
</testsuite>
