<?xml version="1.0" encoding="UTF-8"?>
<testsuite name="com.example.scalsandroid.scals.document.ActionBindingSerializerTest" tests="4" skipped="0" failures="0" errors="0" timestamp="2026-02-08T22:34:30.981Z" hostname="michael.choe-6708" time="0.036">
  <properties/>
  <testcase name="round trip inline" classname="com.example.scalsandroid.scals.document.ActionBindingSerializerTest" time="0.035"/>
  <testcase name="decode object as inline action" classname="com.example.scalsandroid.scals.document.ActionBindingSerializerTest" time="0.0"/>
  <testcase name="decode string as reference" classname="com.example.scalsandroid.scals.document.ActionBindingSerializerTest" time="0.0"/>
  <testcase name="round trip reference" classname="com.example.scalsandroid.scals.document.ActionBindingSerializerTest" time="0.0"/>
  <system-out><![CDATA[]]></system-out>
  <system-err><![CDATA[]]></system-err>
</testsuite>
