<?xml version="1.0" encoding="UTF-8"?>
<testsuite name="com.example.scalsandroid.scals.document.DimensionValueSerializerTest" tests="6" skipped="0" failures="0" errors="0" timestamp="2026-02-08T22:34:31.047Z" hostname="michael.choe-6708" time="0.0">
  <properties/>
  <testcase name="decode fractional object" classname="com.example.scalsandroid.scals.document.DimensionValueSerializerTest" time="0.0"/>
  <testcase name="decode integer as absolute" classname="com.example.scalsandroid.scals.document.DimensionValueSerializerTest" time="0.0"/>
  <testcase name="decode number shorthand as absolute" classname="com.example.scalsandroid.scals.document.DimensionValueSerializerTest" time="0.0"/>
  <testcase name="decode absolute object" classname="com.example.scalsandroid.scals.document.DimensionValueSerializerTest" time="0.0"/>
  <testcase name="round trip fractional" classname="com.example.scalsandroid.scals.document.DimensionValueSerializerTest" time="0.0"/>
  <testcase name="round trip absolute" classname="com.example.scalsandroid.scals.document.DimensionValueSerializerTest" time="0.0"/>
  <system-out><![CDATA[]]></system-out>
  <system-err><![CDATA[]]></system-err>
</testsuite>
