<?xml version="1.0" encoding="UTF-8"?>
<testsuite name="com.example.scalsandroid.scals.document.ActionSerializerTest" tests="4" skipped="0" failures="0" errors="0" timestamp="2026-02-08T22:34:31.018Z" hostname="michael.choe-6708" time="0.001">
  <properties/>
  <testcase name="round trip action" classname="com.example.scalsandroid.scals.document.ActionSerializerTest" time="0.001"/>
  <testcase name="decode action with type only" classname="com.example.scalsandroid.scals.document.ActionSerializerTest" time="0.0"/>
  <testcase name="decode action with parameters" classname="com.example.scalsandroid.scals.document.ActionSerializerTest" time="0.0"/>
  <testcase name="decode action with nested parameters" classname="com.example.scalsandroid.scals.document.ActionSerializerTest" time="0.0"/>
  <system-out><![CDATA[]]></system-out>
  <system-err><![CDATA[]]></system-err>
</testsuite>
