<?xml version="1.0" encoding="UTF-8"?>
<testsuite name="com.example.scalsandroid.scals.document.ComponentSerializerTest" tests="7" skipped="0" failures="0" errors="0" timestamp="2026-02-08T22:34:31.027Z" hostname="michael.choe-6708" time="0.008">
  <properties/>
  <testcase name="decode component with additional properties" classname="com.example.scalsandroid.scals.document.ComponentSerializerTest" time="0.004"/>
  <testcase name="round trip component without additional properties" classname="com.example.scalsandroid.scals.document.ComponentSerializerTest" time="0.001"/>
  <testcase name="decode component with dimension values" classname="com.example.scalsandroid.scals.document.ComponentSerializerTest" time="0.0"/>
  <testcase name="round trip component with additional properties" classname="com.example.scalsandroid.scals.document.ComponentSerializerTest" time="0.001"/>
  <testcase name="decode component with style" classname="com.example.scalsandroid.scals.document.ComponentSerializerTest" time="0.001"/>
  <testcase name="decode simple component" classname="com.example.scalsandroid.scals.document.ComponentSerializerTest" time="0.0"/>
  <testcase name="decode component with actions" classname="com.example.scalsandroid.scals.document.ComponentSerializerTest" time="0.001"/>
  <system-out><![CDATA[]]></system-out>
  <system-err><![CDATA[]]></system-err>
</testsuite>
